# JRE version: Java(TM) SE Runtime Environment (9.0+181) (build 9+181)
# Java VM: Java HotSpot(TM) 64-Bit Server VM (9+181, mixed mode, tiered, compressed oops, g1 gc, windows-amd64)
Heap:
 garbage-first heap   total 129024K, used 61510K [0x0000000082000000, 0x00000000821003f0, 0x0000000100000000)
  region size 1024K, 50 young (51200K), 8 survivors (8192K)
 Metaspace       used 36105K, capacity 37980K, committed 38272K, reserved 1083392K
  class space    used 4306K, capacity 4662K, committed 4736K, reserved 1048576K
GC Heap History (10 events):
Event: 2.300 GC heap before
{Heap before GC invocations=1 (full 0):
 garbage-first heap   total 129024K, used 81397K [0x0000000082000000, 0x00000000821003f0, 0x0000000100000000)
  region size 1024K, 75 young (76800K), 3 survivors (3072K)
 Metaspace       used 17937K, capacity 18396K, committed 18688K, reserved 1067008K
  class space    used 1914K, capacity 2008K, committed 2048K, reserved 1048576K
}
Event: 2.311 GC heap after
{Heap after GC invocations=2 (full 0):
 garbage-first heap   total 129024K, used 13471K [0x0000000082000000, 0x00000000821003f0, 0x0000000100000000)
  region size 1024K, 9 young (9216K), 9 survivors (9216K)
 Metaspace       used 17937K, capacity 18396K, committed 18688K, reserved 1067008K
  class space    used 1914K, capacity 2008K, committed 2048K, reserved 1048576K
}
Event: 2.508 GC heap before
{Heap before GC invocations=2 (full 0):
 garbage-first heap   total 129024K, used 48287K [0x0000000082000000, 0x00000000821003f0, 0x0000000100000000)
  region size 1024K, 44 young (45056K), 9 survivors (9216K)
 Metaspace       used 20467K, capacity 21172K, committed 21248K, reserved 1069056K
  class space    used 2370K, capacity 2536K, committed 2560K, reserved 1048576K
}
Event: 2.515 GC heap after
{Heap after GC invocations=3 (full 0):
 garbage-first heap   total 129024K, used 12304K [0x0000000082000000, 0x00000000821003f0, 0x0000000100000000)
  region size 1024K, 3 young (3072K), 3 survivors (3072K)
 Metaspace       used 20467K, capacity 21172K, committed 21248K, reserved 1069056K
  class space    used 2370K, capacity 2536K, committed 2560K, reserved 1048576K
}
Event: 2.923 GC heap before
{Heap before GC invocations=4 (full 0):
 garbage-first heap   total 129024K, used 86032K [0x0000000082000000, 0x00000000821003f0, 0x0000000100000000)
  region size 1024K, 75 young (76800K), 3 survivors (3072K)
 Metaspace       used 26632K, capacity 27572K, committed 27904K, reserved 1073152K
  class space    used 3117K, capacity 3294K, committed 3328K, reserved 1048576K
}
Event: 2.931 GC heap after
{Heap after GC invocations=5 (full 0):
 garbage-first heap   total 129024K, used 17338K [0x0000000082000000, 0x00000000821003f0, 0x0000000100000000)
  region size 1024K, 8 young (8192K), 8 survivors (8192K)
 Metaspace       used 26632K, capacity 27572K, committed 27904K, reserved 1073152K
  class space    used 3117K, capacity 3294K, committed 3328K, reserved 1048576K
}
Event: 3.216 GC heap before
{Heap before GC invocations=5 (full 0):
 garbage-first heap   total 129024K, used 85946K [0x0000000082000000, 0x00000000821003f0, 0x0000000100000000)
  region size 1024K, 75 young (76800K), 8 survivors (8192K)
 Metaspace       used 29240K, capacity 30384K, committed 30592K, reserved 1077248K
  class space    used 3413K, capacity 3660K, committed 3712K, reserved 1048576K
}
Event: 3.221 GC heap after
{Heap after GC invocations=6 (full 0):
 garbage-first heap   total 129024K, used 15473K [0x0000000082000000, 0x00000000821003f0, 0x0000000100000000)
  region size 1024K, 4 young (4096K), 4 survivors (4096K)
 Metaspace       used 29240K, capacity 30384K, committed 30592K, reserved 1077248K
  class space    used 3413K, capacity 3660K, committed 3712K, reserved 1048576K
}
Event: 3.951 GC heap before
{Heap before GC invocations=6 (full 0):
 garbage-first heap   total 129024K, used 79985K [0x0000000082000000, 0x00000000821003f0, 0x0000000100000000)
  region size 1024K, 68 young (69632K), 4 survivors (4096K)
 Metaspace       used 34129K, capacity 35712K, committed 35840K, reserved 1081344K
  class space    used 4071K, capacity 4358K, committed 4480K, reserved 1048576K
}
Event: 3.961 GC heap after
{Heap after GC invocations=7 (full 0):
 garbage-first heap   total 129024K, used 19526K [0x0000000082000000, 0x00000000821003f0, 0x0000000100000000)
  region size 1024K, 8 young (8192K), 8 survivors (8192K)
 Metaspace       used 34129K, capacity 35712K, committed 35840K, reserved 1081344K
  class space    used 4071K, capacity 4358K, committed 4480K, reserved 1048576K
}

